<testsuites id="" name="" tests="2" failures="2" skipped="0" errors="0" time="7.96831">
<testsuite name="login.spec.ts" timestamp="2025-06-14T16:31:03.807Z" hostname="loginregression" tests="2" failures="2" skipped="0" time="2.481" errors="0">
<testcase name="Login Tests › successful login" classname="login.spec.ts" time="1.219">
<failure message="login.spec.ts:6:9 successful login" type="FAILURE">
<![CDATA[  [loginregression] › login.spec.ts:6:9 › Login Tests › successful login ───────────────────────────

    TypeError: loginPage.navigateToLoginPage is not a function

       9 |
      10 |         // Navigate to login page
    > 11 |         await loginPage.navigateToLoginPage(process.env.BASE_URL || 'http://your-app-url');
         |                         ^
      12 |
      13 |         // Perform login
      14 |         await loginPage.login('validUsername', 'validPassword');
        at D:\playwright-project\tests\login.spec.ts:11:25

    attachment #1: screenshot (image/png) ──────────────────────────────────────────────────────────
    test-results\login-Login-Tests-successful-login-loginregression\test-failed-1.png
    ────────────────────────────────────────────────────────────────────────────────────────────────

    attachment #2: video (video/webm) ──────────────────────────────────────────────────────────────
    test-results\login-Login-Tests-successful-login-loginregression\video.webm
    ────────────────────────────────────────────────────────────────────────────────────────────────

    attachment #3: trace (application/zip) ─────────────────────────────────────────────────────────
    test-results\login-Login-Tests-successful-login-loginregression\trace.zip
    Usage:

        npx playwright show-trace test-results\login-Login-Tests-successful-login-loginregression\trace.zip

    ────────────────────────────────────────────────────────────────────────────────────────────────

    Retry #1 ───────────────────────────────────────────────────────────────────────────────────────

    TypeError: loginPage.navigateToLoginPage is not a function

       9 |
      10 |         // Navigate to login page
    > 11 |         await loginPage.navigateToLoginPage(process.env.BASE_URL || 'http://your-app-url');
         |                         ^
      12 |
      13 |         // Perform login
      14 |         await loginPage.login('validUsername', 'validPassword');
        at D:\playwright-project\tests\login.spec.ts:11:25

    attachment #1: screenshot (image/png) ──────────────────────────────────────────────────────────
    test-results\login-Login-Tests-successful-login-loginregression-retry1\test-failed-1.png
    ────────────────────────────────────────────────────────────────────────────────────────────────

    attachment #2: video (video/webm) ──────────────────────────────────────────────────────────────
    test-results\login-Login-Tests-successful-login-loginregression-retry1\video.webm
    ────────────────────────────────────────────────────────────────────────────────────────────────

    attachment #3: trace (application/zip) ─────────────────────────────────────────────────────────
    test-results\login-Login-Tests-successful-login-loginregression-retry1\trace.zip
    Usage:

        npx playwright show-trace test-results\login-Login-Tests-successful-login-loginregression-retry1\trace.zip

    ────────────────────────────────────────────────────────────────────────────────────────────────
]]>
</failure>
<system-out>
<![CDATA[
[[ATTACHMENT|..\..\..\test-results\login-Login-Tests-successful-login-loginregression\test-failed-1.png]]

[[ATTACHMENT|..\..\..\test-results\login-Login-Tests-successful-login-loginregression\video.webm]]

[[ATTACHMENT|..\..\..\test-results\login-Login-Tests-successful-login-loginregression\trace.zip]]

[[ATTACHMENT|..\..\..\test-results\login-Login-Tests-successful-login-loginregression-retry1\test-failed-1.png]]

[[ATTACHMENT|..\..\..\test-results\login-Login-Tests-successful-login-loginregression-retry1\video.webm]]

[[ATTACHMENT|..\..\..\test-results\login-Login-Tests-successful-login-loginregression-retry1\trace.zip]]
]]>
</system-out>
</testcase>
<testcase name="Login Tests › failed login with invalid credentials" classname="login.spec.ts" time="1.262">
<failure message="login.spec.ts:21:9 failed login with invalid credentials" type="FAILURE">
<![CDATA[  [loginregression] › login.spec.ts:21:9 › Login Tests › failed login with invalid credentials ─────

    TypeError: loginPage.navigateToLoginPage is not a function

      23 |
      24 |         // Navigate to login page
    > 25 |         await loginPage.navigateToLoginPage(process.env.BASE_URL || 'http://your-app-url');
         |                         ^
      26 |
      27 |         // Attempt login with invalid credentials
      28 |         await loginPage.login('invalidUsername', 'invalidPassword');
        at D:\playwright-project\tests\login.spec.ts:25:25

    attachment #1: screenshot (image/png) ──────────────────────────────────────────────────────────
    test-results\login-Login-Tests-failed-login-with-invalid-credentials-loginregression\test-failed-1.png
    ────────────────────────────────────────────────────────────────────────────────────────────────

    attachment #2: video (video/webm) ──────────────────────────────────────────────────────────────
    test-results\login-Login-Tests-failed-login-with-invalid-credentials-loginregression\video.webm
    ────────────────────────────────────────────────────────────────────────────────────────────────

    attachment #3: trace (application/zip) ─────────────────────────────────────────────────────────
    test-results\login-Login-Tests-failed-login-with-invalid-credentials-loginregression\trace.zip
    Usage:

        npx playwright show-trace test-results\login-Login-Tests-failed-login-with-invalid-credentials-loginregression\trace.zip

    ────────────────────────────────────────────────────────────────────────────────────────────────

    Retry #1 ───────────────────────────────────────────────────────────────────────────────────────

    TypeError: loginPage.navigateToLoginPage is not a function

      23 |
      24 |         // Navigate to login page
    > 25 |         await loginPage.navigateToLoginPage(process.env.BASE_URL || 'http://your-app-url');
         |                         ^
      26 |
      27 |         // Attempt login with invalid credentials
      28 |         await loginPage.login('invalidUsername', 'invalidPassword');
        at D:\playwright-project\tests\login.spec.ts:25:25

    attachment #1: screenshot (image/png) ──────────────────────────────────────────────────────────
    test-results\login-Login-Tests-failed-login-with-invalid-credentials-loginregression-retry1\test-failed-1.png
    ────────────────────────────────────────────────────────────────────────────────────────────────

    attachment #2: video (video/webm) ──────────────────────────────────────────────────────────────
    test-results\login-Login-Tests-failed-login-with-invalid-credentials-loginregression-retry1\video.webm
    ────────────────────────────────────────────────────────────────────────────────────────────────

    attachment #3: trace (application/zip) ─────────────────────────────────────────────────────────
    test-results\login-Login-Tests-failed-login-with-invalid-credentials-loginregression-retry1\trace.zip
    Usage:

        npx playwright show-trace test-results\login-Login-Tests-failed-login-with-invalid-credentials-loginregression-retry1\trace.zip

    ────────────────────────────────────────────────────────────────────────────────────────────────
]]>
</failure>
<system-out>
<![CDATA[
[[ATTACHMENT|..\..\..\test-results\login-Login-Tests-failed-login-with-invalid-credentials-loginregression\test-failed-1.png]]

[[ATTACHMENT|..\..\..\test-results\login-Login-Tests-failed-login-with-invalid-credentials-loginregression\video.webm]]

[[ATTACHMENT|..\..\..\test-results\login-Login-Tests-failed-login-with-invalid-credentials-loginregression\trace.zip]]

[[ATTACHMENT|..\..\..\test-results\login-Login-Tests-failed-login-with-invalid-credentials-loginregression-retry1\test-failed-1.png]]

[[ATTACHMENT|..\..\..\test-results\login-Login-Tests-failed-login-with-invalid-credentials-loginregression-retry1\video.webm]]

[[ATTACHMENT|..\..\..\test-results\login-Login-Tests-failed-login-with-invalid-credentials-loginregression-retry1\trace.zip]]
]]>
</system-out>
</testcase>
</testsuite>
</testsuites>